\BOOKMARK [-1][-]{part.1}{I Aspects Th\351oriques }{}% 1
\BOOKMARK [0][-]{chapter.1}{Cadre g\351ng\351rale du projet}{part.1}% 2
\BOOKMARK [1][-]{section.1.1}{Introduction}{chapter.1}% 3
\BOOKMARK [1][-]{section.1.2}{Contexte du travail}{chapter.1}% 4
\BOOKMARK [1][-]{section.1.3}{Pr\351sentation de l'organisme d'accueil}{chapter.1}% 5
\BOOKMARK [1][-]{section.1.4}{ Contexte du projet }{chapter.1}% 6
\BOOKMARK [1][-]{section.1.5}{Business intelligence}{chapter.1}% 7
\BOOKMARK [1][-]{section.1.6}{ Etude de l'existant }{chapter.1}% 8
\BOOKMARK [2][-]{subsection.1.6.1}{Asana}{section.1.6}% 9
\BOOKMARK [2][-]{subsection.1.6.2}{Jira}{section.1.6}% 10
\BOOKMARK [1][-]{section.1.7}{ Probl\351matique }{chapter.1}% 11
\BOOKMARK [1][-]{section.1.8}{ Solution propos\351e }{chapter.1}% 12
\BOOKMARK [1][-]{section.1.9}{ Etude m\351thodologique }{chapter.1}% 13
\BOOKMARK [2][-]{subsection.1.9.1}{Choix de la m\351thodologie}{section.1.9}% 14
\BOOKMARK [2][-]{subsection.1.9.2}{Pr\351sentation de la m\351thodologie SCRUM}{section.1.9}% 15
\BOOKMARK [2][-]{subsection.1.9.3}{Planning du projet}{section.1.9}% 16
\BOOKMARK [2][-]{subsection.1.9.4}{Diagramme de Gantt}{section.1.9}% 17
\BOOKMARK [0][-]{chapter.2}{ Analyse et Sp\351cifications besoins }{part.1}% 18
\BOOKMARK [1][-]{section.2.1}{Introduction}{chapter.2}% 19
\BOOKMARK [1][-]{section.2.2}{ Les acteurs du syst\350me }{chapter.2}% 20
\BOOKMARK [1][-]{section.2.3}{ Sp\351cifications besoins}{chapter.2}% 21
\BOOKMARK [2][-]{subsection.2.3.1}{Besoins fonctionnels}{section.2.3}% 22
\BOOKMARK [2][-]{subsection.2.3.2}{Besoins non fonctionnels}{section.2.3}% 23
\BOOKMARK [1][-]{section.2.4}{ Diagramme de cas d'utilisation g\351n\351rale }{chapter.2}% 24
\BOOKMARK [1][-]{section.2.5}{Backlog de planning}{chapter.2}% 25
\BOOKMARK [2][-]{subsection.2.5.1}{Les fonctionnalit\351s du Backlog}{section.2.5}% 26
\BOOKMARK [2][-]{subsection.2.5.2}{ Planification des sprints}{section.2.5}% 27
\BOOKMARK [-1][-]{part.2}{II Aspects Pratiques}{}% 28
\BOOKMARK [0][-]{chapter.3}{Release 1}{part.2}% 29
\BOOKMARK [1][-]{section.3.1}{Introduction}{chapter.3}% 30
\BOOKMARK [1][-]{section.3.2}{Premier sprint}{chapter.3}% 31
\BOOKMARK [2][-]{subsection.3.2.1}{Analyse}{section.3.2}% 32
\BOOKMARK [2][-]{subsection.3.2.2}{Conception}{section.3.2}% 33
\BOOKMARK [2][-]{subsection.3.2.3}{Codage}{section.3.2}% 34
\BOOKMARK [2][-]{subsection.3.2.4}{Test}{section.3.2}% 35
\BOOKMARK [1][-]{section.3.3}{Deuxi\350me sprint}{chapter.3}% 36
\BOOKMARK [1][-]{section.3.4}{Troisi\350me sprint}{chapter.3}% 37
\BOOKMARK [0][-]{chapter.4}{Release 2}{part.2}% 38
\BOOKMARK [1][-]{section.4.1}{Introduction}{chapter.4}% 39
\BOOKMARK [1][-]{section.4.2}{Premier sprint}{chapter.4}% 40
\BOOKMARK [0][-]{chapter.5}{ Cl\364ture du projet }{part.2}% 41
\BOOKMARK [1][-]{section.5.1}{Introduction}{chapter.5}% 42
\BOOKMARK [1][-]{section.5.2}{Environnement de d\351veloppement}{chapter.5}% 43
\BOOKMARK [2][-]{subsection.5.2.1}{Languages used}{section.5.2}% 44
\BOOKMARK [2][-]{subsection.5.2.2}{env materiel }{section.5.2}% 45
\BOOKMARK [2][-]{subsection.5.2.3}{env logiciel}{section.5.2}% 46
\BOOKMARK [1][-]{section.5.3}{Impl\351mentation et structure}{chapter.5}% 47
\BOOKMARK [1][-]{section.5.4}{Pr\351sentation de quelques interfaces de l'application}{chapter.5}% 48
\BOOKMARK [2][-]{subsection.5.4.1}{Acc\351es Administrateur}{section.5.4}% 49
\BOOKMARK [2][-]{subsection.5.4.2}{La consultation des rapports}{section.5.4}% 50
\BOOKMARK [2][-]{subsection.5.4.3}{La gestion des projets}{section.5.4}% 51
\BOOKMARK [2][-]{subsection.5.4.4}{La gestion des membres}{section.5.4}% 52
\BOOKMARK [2][-]{subsection.5.4.5}{La gestion des clients}{section.5.4}% 53
\BOOKMARK [2][-]{subsection.5.4.6}{Consultation carte g\351ographique des clients}{section.5.4}% 54
