This is pdfTeX, Version 3.14159265-2.6-1.40.20 (MiKTeX 2.9.7050 64-bit) (preloaded format=pdflatex 2019.5.22)  15 JUN 2019 22:34
entering extended mode
**./rapport.tex
(rapport.tex
LaTeX2e <2018-12-01>
("C:\Program Files\MiKTeX 2.9\tex/latex/base\report.cls"
Document Class: report 2018/09/03 v1.4i Standard LaTeX document class
("C:\Program Files\MiKTeX 2.9\tex/latex/base\size12.clo"
File: size12.clo 2018/09/03 v1.4i Standard LaTeX file (size option)
)
\c@part=\count80
\c@chapter=\count81
\c@section=\count82
\c@subsection=\count83
\c@subsubsection=\count84
\c@paragraph=\count85
\c@subparagraph=\count86
\c@figure=\count87
\c@table=\count88
\abovecaptionskip=\skip41
\belowcaptionskip=\skip42
\bibindent=\dimen102
)
("C:\Program Files\MiKTeX 2.9\tex/latex/graphics\graphicx.sty"
Package: graphicx 2017/06/01 v1.1a Enhanced LaTeX Graphics (DPC,SPQR)

("C:\Program Files\MiKTeX 2.9\tex/latex/graphics\keyval.sty"
Package: keyval 2014/10/28 v1.15 key=value parser (DPC)
\KV@toks@=\toks14
)
("C:\Program Files\MiKTeX 2.9\tex/latex/graphics\graphics.sty"
Package: graphics 2017/06/25 v1.2c Standard LaTeX Graphics (DPC,SPQR)

("C:\Program Files\MiKTeX 2.9\tex/latex/graphics\trig.sty"
Package: trig 2016/01/03 v1.10 sin cos tan (DPC)
)
("C:\Program Files\MiKTeX 2.9\tex/latex/graphics-cfg\graphics.cfg"
File: graphics.cfg 2016/06/04 v1.11 sample graphics configuration
)
Package graphics Info: Driver file: pdftex.def on input line 99.

("C:\Program Files\MiKTeX 2.9\tex/latex/graphics-def\pdftex.def"
File: pdftex.def 2018/01/08 v1.0l Graphics/color driver for pdftex
))
\Gin@req@height=\dimen103
\Gin@req@width=\dimen104
)
("C:\Program Files\MiKTeX 2.9\tex/latex/fmtcount\fmtcount.sty"
Package: fmtcount 2017/12/24 v3.05

("C:\Program Files\MiKTeX 2.9\tex/latex/base\ifthen.sty"
Package: ifthen 2014/09/29 v1.1c Standard LaTeX ifthen package (DPC)
)
("C:\Program Files\MiKTeX 2.9\tex/latex/xkeyval\xkeyval.sty"
Package: xkeyval 2014/12/03 v2.7a package option processing (HA)

("C:\Program Files\MiKTeX 2.9\tex/generic/xkeyval\xkeyval.tex"
("C:\Program Files\MiKTeX 2.9\tex/generic/xkeyval\xkvutils.tex"
\XKV@toks=\toks15
\XKV@tempa@toks=\toks16
)
\XKV@depth=\count89
File: xkeyval.tex 2014/12/03 v2.7a key=value parser (HA)
))
("C:\Program Files\MiKTeX 2.9\tex/latex/etoolbox\etoolbox.sty"
Package: etoolbox 2018/08/19 v2.5f e-TeX tools for LaTeX (JAW)
\etb@tempcnta=\count90
)
("C:\Program Files\MiKTeX 2.9\tex/latex/fmtcount\fcprefix.sty"
Package: fcprefix 2012/09/28

("C:\Program Files\MiKTeX 2.9\tex/latex/fmtcount\fcnumparser.sty"
Package: fcnumparser 2017/06/15
\fc@digit@counter=\count91
))
("C:\Program Files\MiKTeX 2.9\tex/latex/amsmath\amsgen.sty"
File: amsgen.sty 1999/11/30 v2.0 generic functions
\@emptytoks=\toks17
\ex@=\dimen105
)
\c@padzeroesN=\count92
\fc@tmpcatcode=\count93
\@DT@modctr=\count94
\@ordinalctr=\count95
\@orgargctr=\count96
\@strctr=\count97
\@tmpstrctr=\count98
\@DT@loopN=\count99
\@DT@X=\count100
)
("C:\Program Files\MiKTeX 2.9\tex/latex/base\textcomp.sty"
Package: textcomp 2018/08/11 v2.0j Standard LaTeX package
Package textcomp Info: Sub-encoding information:
(textcomp)               5 = only ISO-Adobe without \textcurrency
(textcomp)               4 = 5 + \texteuro
(textcomp)               3 = 4 + \textohm
(textcomp)               2 = 3 + \textestimated + \textcurrency
(textcomp)               1 = TS1 - \textcircled - \t
(textcomp)               0 = TS1 (full)
(textcomp)             Font families with sub-encoding setting implement
(textcomp)             only a restricted character set as indicated.
(textcomp)             Family '?' is the default used for unknown fonts.
(textcomp)             See the documentation for details.
Package textcomp Info: Setting ? sub-encoding to TS1/1 on input line 79.

("C:\Program Files\MiKTeX 2.9\tex/latex/base\ts1enc.def"
File: ts1enc.def 2001/06/05 v3.0e (jk/car/fm) Standard LaTeX file
Now handling font encoding TS1 ...
... processing UTF-8 mapping file for font encoding TS1

("C:\Program Files\MiKTeX 2.9\tex/latex/base\ts1enc.dfu"
File: ts1enc.dfu 2018/10/05 v1.2f UTF-8 support for inputenc
   defining Unicode char U+00A2 (decimal 162)
   defining Unicode char U+00A3 (decimal 163)
   defining Unicode char U+00A4 (decimal 164)
   defining Unicode char U+00A5 (decimal 165)
   defining Unicode char U+00A6 (decimal 166)
   defining Unicode char U+00A7 (decimal 167)
   defining Unicode char U+00A8 (decimal 168)
   defining Unicode char U+00A9 (decimal 169)
   defining Unicode char U+00AA (decimal 170)
   defining Unicode char U+00AC (decimal 172)
   defining Unicode char U+00AE (decimal 174)
   defining Unicode char U+00AF (decimal 175)
   defining Unicode char U+00B0 (decimal 176)
   defining Unicode char U+00B1 (decimal 177)
   defining Unicode char U+00B2 (decimal 178)
   defining Unicode char U+00B3 (decimal 179)
   defining Unicode char U+00B4 (decimal 180)
   defining Unicode char U+00B5 (decimal 181)
   defining Unicode char U+00B6 (decimal 182)
   defining Unicode char U+00B7 (decimal 183)
   defining Unicode char U+00B9 (decimal 185)
   defining Unicode char U+00BA (decimal 186)
   defining Unicode char U+00BC (decimal 188)
   defining Unicode char U+00BD (decimal 189)
   defining Unicode char U+00BE (decimal 190)
   defining Unicode char U+00D7 (decimal 215)
   defining Unicode char U+00F7 (decimal 247)
   defining Unicode char U+0192 (decimal 402)
   defining Unicode char U+02C7 (decimal 711)
   defining Unicode char U+02D8 (decimal 728)
   defining Unicode char U+02DD (decimal 733)
   defining Unicode char U+0E3F (decimal 3647)
   defining Unicode char U+2016 (decimal 8214)
   defining Unicode char U+2020 (decimal 8224)
   defining Unicode char U+2021 (decimal 8225)
   defining Unicode char U+2022 (decimal 8226)
   defining Unicode char U+2030 (decimal 8240)
   defining Unicode char U+2031 (decimal 8241)
   defining Unicode char U+203B (decimal 8251)
   defining Unicode char U+203D (decimal 8253)
   defining Unicode char U+2044 (decimal 8260)
   defining Unicode char U+204E (decimal 8270)
   defining Unicode char U+2052 (decimal 8274)
   defining Unicode char U+20A1 (decimal 8353)
   defining Unicode char U+20A4 (decimal 8356)
   defining Unicode char U+20A6 (decimal 8358)
   defining Unicode char U+20A9 (decimal 8361)
   defining Unicode char U+20AB (decimal 8363)
   defining Unicode char U+20AC (decimal 8364)
   defining Unicode char U+20B1 (decimal 8369)
   defining Unicode char U+2103 (decimal 8451)
   defining Unicode char U+2116 (decimal 8470)
   defining Unicode char U+2117 (decimal 8471)
   defining Unicode char U+211E (decimal 8478)
   defining Unicode char U+2120 (decimal 8480)
   defining Unicode char U+2122 (decimal 8482)
   defining Unicode char U+2126 (decimal 8486)
   defining Unicode char U+2127 (decimal 8487)
   defining Unicode char U+212E (decimal 8494)
   defining Unicode char U+2190 (decimal 8592)
   defining Unicode char U+2191 (decimal 8593)
   defining Unicode char U+2192 (decimal 8594)
   defining Unicode char U+2193 (decimal 8595)
   defining Unicode char U+2329 (decimal 9001)
   defining Unicode char U+232A (decimal 9002)
   defining Unicode char U+2422 (decimal 9250)
   defining Unicode char U+25E6 (decimal 9702)
   defining Unicode char U+25EF (decimal 9711)
   defining Unicode char U+266A (decimal 9834)
   defining Unicode char U+FEFF (decimal 65279)
))
LaTeX Info: Redefining \oldstylenums on input line 334.
Package textcomp Info: Setting cmr sub-encoding to TS1/0 on input line 349.
Package textcomp Info: Setting cmss sub-encoding to TS1/0 on input line 350.
Package textcomp Info: Setting cmtt sub-encoding to TS1/0 on input line 351.
Package textcomp Info: Setting cmvtt sub-encoding to TS1/0 on input line 352.
Package textcomp Info: Setting cmbr sub-encoding to TS1/0 on input line 353.
Package textcomp Info: Setting cmtl sub-encoding to TS1/0 on input line 354.
Package textcomp Info: Setting ccr sub-encoding to TS1/0 on input line 355.
Package textcomp Info: Setting ptm sub-encoding to TS1/4 on input line 356.
Package textcomp Info: Setting pcr sub-encoding to TS1/4 on input line 357.
Package textcomp Info: Setting phv sub-encoding to TS1/4 on input line 358.
Package textcomp Info: Setting ppl sub-encoding to TS1/3 on input line 359.
Package textcomp Info: Setting pag sub-encoding to TS1/4 on input line 360.
Package textcomp Info: Setting pbk sub-encoding to TS1/4 on input line 361.
Package textcomp Info: Setting pnc sub-encoding to TS1/4 on input line 362.
Package textcomp Info: Setting pzc sub-encoding to TS1/4 on input line 363.
Package textcomp Info: Setting bch sub-encoding to TS1/4 on input line 364.
Package textcomp Info: Setting put sub-encoding to TS1/5 on input line 365.
Package textcomp Info: Setting uag sub-encoding to TS1/5 on input line 366.
Package textcomp Info: Setting ugq sub-encoding to TS1/5 on input line 367.
Package textcomp Info: Setting ul8 sub-encoding to TS1/4 on input line 368.
Package textcomp Info: Setting ul9 sub-encoding to TS1/4 on input line 369.
Package textcomp Info: Setting augie sub-encoding to TS1/5 on input line 370.
Package textcomp Info: Setting dayrom sub-encoding to TS1/3 on input line 371.
Package textcomp Info: Setting dayroms sub-encoding to TS1/3 on input line 372.

Package textcomp Info: Setting pxr sub-encoding to TS1/0 on input line 373.
Package textcomp Info: Setting pxss sub-encoding to TS1/0 on input line 374.
Package textcomp Info: Setting pxtt sub-encoding to TS1/0 on input line 375.
Package textcomp Info: Setting txr sub-encoding to TS1/0 on input line 376.
Package textcomp Info: Setting txss sub-encoding to TS1/0 on input line 377.
Package textcomp Info: Setting txtt sub-encoding to TS1/0 on input line 378.
Package textcomp Info: Setting lmr sub-encoding to TS1/0 on input line 379.
Package textcomp Info: Setting lmdh sub-encoding to TS1/0 on input line 380.
Package textcomp Info: Setting lmss sub-encoding to TS1/0 on input line 381.
Package textcomp Info: Setting lmssq sub-encoding to TS1/0 on input line 382.
Package textcomp Info: Setting lmvtt sub-encoding to TS1/0 on input line 383.
Package textcomp Info: Setting lmtt sub-encoding to TS1/0 on input line 384.
Package textcomp Info: Setting qhv sub-encoding to TS1/0 on input line 385.
Package textcomp Info: Setting qag sub-encoding to TS1/0 on input line 386.
Package textcomp Info: Setting qbk sub-encoding to TS1/0 on input line 387.
Package textcomp Info: Setting qcr sub-encoding to TS1/0 on input line 388.
Package textcomp Info: Setting qcs sub-encoding to TS1/0 on input line 389.
Package textcomp Info: Setting qpl sub-encoding to TS1/0 on input line 390.
Package textcomp Info: Setting qtm sub-encoding to TS1/0 on input line 391.
Package textcomp Info: Setting qzc sub-encoding to TS1/0 on input line 392.
Package textcomp Info: Setting qhvc sub-encoding to TS1/0 on input line 393.
Package textcomp Info: Setting futs sub-encoding to TS1/4 on input line 394.
Package textcomp Info: Setting futx sub-encoding to TS1/4 on input line 395.
Package textcomp Info: Setting futj sub-encoding to TS1/4 on input line 396.
Package textcomp Info: Setting hlh sub-encoding to TS1/3 on input line 397.
Package textcomp Info: Setting hls sub-encoding to TS1/3 on input line 398.
Package textcomp Info: Setting hlst sub-encoding to TS1/3 on input line 399.
Package textcomp Info: Setting hlct sub-encoding to TS1/5 on input line 400.
Package textcomp Info: Setting hlx sub-encoding to TS1/5 on input line 401.
Package textcomp Info: Setting hlce sub-encoding to TS1/5 on input line 402.
Package textcomp Info: Setting hlcn sub-encoding to TS1/5 on input line 403.
Package textcomp Info: Setting hlcw sub-encoding to TS1/5 on input line 404.
Package textcomp Info: Setting hlcf sub-encoding to TS1/5 on input line 405.
Package textcomp Info: Setting pplx sub-encoding to TS1/3 on input line 406.
Package textcomp Info: Setting pplj sub-encoding to TS1/3 on input line 407.
Package textcomp Info: Setting ptmx sub-encoding to TS1/4 on input line 408.
Package textcomp Info: Setting ptmj sub-encoding to TS1/4 on input line 409.
)
("C:\Program Files\MiKTeX 2.9\tex/latex/txfonts\txfonts.sty"
Package: txfonts 2008/01/22 v3.2.1
LaTeX Font Info:    Redeclaring symbol font `operators' on input line 21.
LaTeX Font Info:    Overwriting symbol font `operators' in version `normal'
(Font)                  OT1/cmr/m/n --> OT1/txr/m/n on input line 21.
LaTeX Font Info:    Overwriting symbol font `operators' in version `bold'
(Font)                  OT1/cmr/bx/n --> OT1/txr/m/n on input line 21.
LaTeX Font Info:    Overwriting symbol font `operators' in version `bold'
(Font)                  OT1/txr/m/n --> OT1/txr/bx/n on input line 22.
\symitalic=\mathgroup4
LaTeX Font Info:    Overwriting symbol font `italic' in version `bold'
(Font)                  OT1/txr/m/it --> OT1/txr/bx/it on input line 26.
LaTeX Font Info:    Redeclaring math alphabet \mathbf on input line 29.
LaTeX Font Info:    Overwriting math alphabet `\mathbf' in version `normal'
(Font)                  OT1/cmr/bx/n --> OT1/txr/bx/n on input line 29.
LaTeX Font Info:    Overwriting math alphabet `\mathbf' in version `bold'
(Font)                  OT1/cmr/bx/n --> OT1/txr/bx/n on input line 29.
LaTeX Font Info:    Redeclaring math alphabet \mathit on input line 30.
LaTeX Font Info:    Overwriting math alphabet `\mathit' in version `normal'
(Font)                  OT1/cmr/m/it --> OT1/txr/m/it on input line 30.
LaTeX Font Info:    Overwriting math alphabet `\mathit' in version `bold'
(Font)                  OT1/cmr/bx/it --> OT1/txr/m/it on input line 30.
LaTeX Font Info:    Overwriting math alphabet `\mathit' in version `bold'
(Font)                  OT1/txr/m/it --> OT1/txr/bx/it on input line 31.
LaTeX Font Info:    Redeclaring math alphabet \mathsf on input line 40.
LaTeX Font Info:    Overwriting math alphabet `\mathsf' in version `normal'
(Font)                  OT1/cmss/m/n --> OT1/txss/m/n on input line 40.
LaTeX Font Info:    Overwriting math alphabet `\mathsf' in version `bold'
(Font)                  OT1/cmss/bx/n --> OT1/txss/m/n on input line 40.
LaTeX Font Info:    Overwriting math alphabet `\mathsf' in version `bold'
(Font)                  OT1/txss/m/n --> OT1/txss/b/n on input line 41.
LaTeX Font Info:    Redeclaring math alphabet \mathtt on input line 50.
LaTeX Font Info:    Overwriting math alphabet `\mathtt' in version `normal'
(Font)                  OT1/cmtt/m/n --> OT1/txtt/m/n on input line 50.
LaTeX Font Info:    Overwriting math alphabet `\mathtt' in version `bold'
(Font)                  OT1/cmtt/m/n --> OT1/txtt/m/n on input line 50.
LaTeX Font Info:    Overwriting math alphabet `\mathtt' in version `bold'
(Font)                  OT1/txtt/m/n --> OT1/txtt/b/n on input line 51.
LaTeX Font Info:    Redeclaring symbol font `letters' on input line 58.
LaTeX Font Info:    Overwriting symbol font `letters' in version `normal'
(Font)                  OML/cmm/m/it --> OML/txmi/m/it on input line 58.
LaTeX Font Info:    Overwriting symbol font `letters' in version `bold'
(Font)                  OML/cmm/b/it --> OML/txmi/m/it on input line 58.
LaTeX Font Info:    Overwriting symbol font `letters' in version `bold'
(Font)                  OML/txmi/m/it --> OML/txmi/bx/it on input line 59.
\symlettersA=\mathgroup5
LaTeX Font Info:    Overwriting symbol font `lettersA' in version `bold'
(Font)                  U/txmia/m/it --> U/txmia/bx/it on input line 67.
LaTeX Font Info:    Redeclaring symbol font `symbols' on input line 77.
LaTeX Font Info:    Overwriting symbol font `symbols' in version `normal'
(Font)                  OMS/cmsy/m/n --> OMS/txsy/m/n on input line 77.
LaTeX Font Info:    Overwriting symbol font `symbols' in version `bold'
(Font)                  OMS/cmsy/b/n --> OMS/txsy/m/n on input line 77.
LaTeX Font Info:    Overwriting symbol font `symbols' in version `bold'
(Font)                  OMS/txsy/m/n --> OMS/txsy/bx/n on input line 78.
\symAMSa=\mathgroup6
LaTeX Font Info:    Overwriting symbol font `AMSa' in version `bold'
(Font)                  U/txsya/m/n --> U/txsya/bx/n on input line 94.
\symAMSb=\mathgroup7
LaTeX Font Info:    Overwriting symbol font `AMSb' in version `bold'
(Font)                  U/txsyb/m/n --> U/txsyb/bx/n on input line 103.
\symsymbolsC=\mathgroup8
LaTeX Font Info:    Overwriting symbol font `symbolsC' in version `bold'
(Font)                  U/txsyc/m/n --> U/txsyc/bx/n on input line 113.
LaTeX Font Info:    Redeclaring symbol font `largesymbols' on input line 120.
LaTeX Font Info:    Overwriting symbol font `largesymbols' in version `normal'
(Font)                  OMX/cmex/m/n --> OMX/txex/m/n on input line 120.
LaTeX Font Info:    Overwriting symbol font `largesymbols' in version `bold'
(Font)                  OMX/cmex/m/n --> OMX/txex/m/n on input line 120.
LaTeX Font Info:    Overwriting symbol font `largesymbols' in version `bold'
(Font)                  OMX/txex/m/n --> OMX/txex/bx/n on input line 121.
\symlargesymbolsA=\mathgroup9
LaTeX Font Info:    Overwriting symbol font `largesymbolsA' in version `bold'
(Font)                  U/txexa/m/n --> U/txexa/bx/n on input line 129.
LaTeX Info: Redefining \not on input line 1043.
)
("C:\Program Files\MiKTeX 2.9\tex/latex/base\makeidx.sty"
Package: makeidx 2014/09/29 v1.0m Standard LaTeX package
)
("C:\Program Files\MiKTeX 2.9\tex/latex/multirow\multirow.sty"
Package: multirow 2019/01/01 v2.4 Span multiple rows of a table
\multirow@colwidth=\skip43
\multirow@cntb=\count101
\multirow@dima=\skip44
\bigstrutjot=\dimen106
)
("C:\Program Files\MiKTeX 2.9\tex/latex/cite\cite.sty"
LaTeX Info: Redefining \cite on input line 302.
LaTeX Info: Redefining \nocite on input line 332.
Package: cite 2015/02/27  v 5.5
)
("C:\Program Files\MiKTeX 2.9\tex/latex/algorithms\algorithm.sty"
Package: algorithm 2009/08/24 v0.1 Document Style `algorithm' - floating enviro
nment

("C:\Program Files\MiKTeX 2.9\tex/latex/float\float.sty"
Package: float 2001/11/08 v1.3d Float enhancements (AL)
\c@float@type=\count102
\float@exts=\toks18
\float@box=\box27
\@float@everytoks=\toks19
\@floatcapt=\box28
)
\@float@every@algorithm=\toks20
\c@algorithm=\count103
)
("C:\Program Files\MiKTeX 2.9\tex/latex/algorithms\algorithmic.sty"
Package: algorithmic 2009/08/24 v0.1 Document Style `algorithmic'
\c@ALC@unique=\count104
\c@ALC@line=\count105
\c@ALC@rem=\count106
\c@ALC@depth=\count107
\ALC@tlm=\skip45
\algorithmicindent=\skip46
)
("C:\Program Files\MiKTeX 2.9\tex/latex/pdfpages\pdfpages.sty"
Package: pdfpages 2017/10/31 v0.5l Insert pages of external PDF documents (AM)

("C:\Program Files\MiKTeX 2.9\tex/latex/tools\calc.sty"
Package: calc 2017/05/25 v4.3 Infix arithmetic (KKT,FJ)
\calc@Acount=\count108
\calc@Bcount=\count109
\calc@Adimen=\dimen107
\calc@Bdimen=\dimen108
\calc@Askip=\skip47
\calc@Bskip=\skip48
LaTeX Info: Redefining \setlength on input line 80.
LaTeX Info: Redefining \addtolength on input line 81.
\calc@Ccount=\count110
\calc@Cskip=\skip49
)
("C:\Program Files\MiKTeX 2.9\tex/latex/eso-pic\eso-pic.sty"
Package: eso-pic 2018/04/12 v2.0h eso-pic (RN)

("C:\Program Files\MiKTeX 2.9\tex/generic/oberdiek\atbegshi.sty"
Package: atbegshi 2016/06/09 v1.18 At begin shipout hook (HO)

("C:\Program Files\MiKTeX 2.9\tex/generic/oberdiek\infwarerr.sty"
Package: infwarerr 2016/05/16 v1.4 Providing info/warning/error messages (HO)
)
("C:\Program Files\MiKTeX 2.9\tex/generic/oberdiek\ltxcmds.sty"
Package: ltxcmds 2016/05/16 v1.23 LaTeX kernel commands for general use (HO)
)
("C:\Program Files\MiKTeX 2.9\tex/generic/oberdiek\ifpdf.sty"
Package: ifpdf 2018/09/07 v3.3 Provides the ifpdf switch
))
("C:\Program Files\MiKTeX 2.9\tex/latex/xcolor\xcolor.sty"
Package: xcolor 2016/05/11 v2.12 LaTeX color extensions (UK)

("C:\Program Files\MiKTeX 2.9\tex/latex/graphics-cfg\color.cfg"
File: color.cfg 2016/01/02 v1.6 sample color configuration
)
Package xcolor Info: Driver file: pdftex.def on input line 225.
Package xcolor Info: Model `cmy' substituted by `cmy0' on input line 1348.
Package xcolor Info: Model `hsb' substituted by `rgb' on input line 1352.
Package xcolor Info: Model `RGB' extended on input line 1364.
Package xcolor Info: Model `HTML' substituted by `rgb' on input line 1366.
Package xcolor Info: Model `Hsb' substituted by `hsb' on input line 1367.
Package xcolor Info: Model `tHsb' substituted by `hsb' on input line 1368.
Package xcolor Info: Model `HSB' substituted by `hsb' on input line 1369.
Package xcolor Info: Model `Gray' substituted by `gray' on input line 1370.
Package xcolor Info: Model `wave' substituted by `hsb' on input line 1371.
))
\AM@pagewidth=\dimen109
\AM@pageheight=\dimen110

("C:\Program Files\MiKTeX 2.9\tex/latex/pdfpages\pppdftex.def"
File: pppdftex.def 2017/10/31 v0.5l Pdfpages driver for pdfTeX (AM)
)
\AM@pagebox=\box29
\AM@global@opts=\toks21
\AM@toc@title=\toks22
\c@AM@survey=\count111
\AM@templatesizebox=\box30
)
("C:\Program Files\MiKTeX 2.9\tex/latex/appendix\appendix.sty"
Package: appendix 2009/09/02 v1.2b extra appendix facilities
\c@@pps=\count112
\c@@ppsavesec=\count113
\c@@ppsaveapp=\count114
)
("C:\Program Files\MiKTeX 2.9\tex/latex/apacite\apacite.sty"
Package: apacite 2013/07/21 v6.03 APA citation
\c@BibCnt=\count115
\bibleftmargin=\skip50
\bibindent=\skip51
\bibparsep=\skip52
\bibitemsep=\skip53
\biblabelsep=\skip54
)
("C:\Program Files\MiKTeX 2.9\tex/generic/babel\babel.sty"
Package: babel 2019/05/04 3.31 The Babel package

("C:\Program Files\MiKTeX 2.9\tex/generic/babel\switch.def"
File: switch.def 2019/05/04 3.31 Babel switching mechanism
)
*************************************
* Local config file bblopts.cfg used
*
("C:\Program Files\MiKTeX 2.9\tex/latex/arabi\bblopts.cfg"
File: bblopts.cfg 2005/09/08 v0.1 add Arabic and Farsi to "declared" options of
 babel
)
("C:\Program Files\MiKTeX 2.9\tex/generic/babel-french\francais.ldf"
Language: francais 2019/03/30 v3.5e French support from the babel system


Package francais.ldf Warning: Option `francais' for Babel is *deprecated*,
(francais.ldf)                it might be removed sooner or later. Please
(francais.ldf)                use `french' instead; reported on input line 31.

("C:\Program Files\MiKTeX 2.9\tex/generic/babel-french\french.ldf"
Language: french 2019/03/30 v3.5e French support from the babel system

("C:\Program Files\MiKTeX 2.9\tex/generic/babel\babel.def"
File: babel.def 2019/05/04 3.31 Babel common definitions
\babel@savecnt=\count116
\U@D=\dimen111

("C:\Program Files\MiKTeX 2.9\tex/generic/babel\txtbabel.def")
\bbl@dirlevel=\count117
)
\l@acadian = a dialect from \language\l@french 
\FB@nonchar=\count118
Package babel Info: Making : an active character on input line 414.
Package babel Info: Making ; an active character on input line 415.
Package babel Info: Making ! an active character on input line 416.
Package babel Info: Making ? an active character on input line 417.
\FBguill@level=\count119
\FBold@everypar=\toks23
\FB@Mht=\dimen112
\mc@charclass=\count120
\mc@charfam=\count121
\mc@charslot=\count122
\std@mcc=\count123
\dec@mcc=\count124
\c@FBcaption@count=\count125
\listindentFB=\dimen113
\descindentFB=\dimen114
\labelindentFB=\dimen115
\labelwidthFB=\dimen116
\leftmarginFB=\dimen117
\parindentFFN=\dimen118
\FBfnindent=\dimen119
)))
("C:\Program Files\MiKTeX 2.9\tex/latex/carlisle\scalefnt.sty")
("C:\Program Files\MiKTeX 2.9\tex/latex/tocbibind\tocbibind.sty"
Package: tocbibind 2010/10/13 v1.5k extra ToC listings
Package tocbibind Info: The document has chapter divisions on input line 50.


Package tocbibind Note: Using chapter style headings, unless overridden.

) ("C:\Program Files\MiKTeX 2.9\tex/latex/graphics\lscape.sty"
Package: lscape 2000/10/22 v3.01 Landscape Pages (DPC)
)
("C:\Program Files\MiKTeX 2.9\tex/latex/lm\lmodern.sty"
Package: lmodern 2009/10/30 v1.6 Latin Modern Fonts
LaTeX Font Info:    Overwriting symbol font `operators' in version `normal'
(Font)                  OT1/txr/m/n --> OT1/lmr/m/n on input line 22.
LaTeX Font Info:    Overwriting symbol font `letters' in version `normal'
(Font)                  OML/txmi/m/it --> OML/lmm/m/it on input line 23.
LaTeX Font Info:    Overwriting symbol font `symbols' in version `normal'
(Font)                  OMS/txsy/m/n --> OMS/lmsy/m/n on input line 24.
LaTeX Font Info:    Overwriting symbol font `largesymbols' in version `normal'
(Font)                  OMX/txex/m/n --> OMX/lmex/m/n on input line 25.
LaTeX Font Info:    Overwriting symbol font `operators' in version `bold'
(Font)                  OT1/txr/bx/n --> OT1/lmr/bx/n on input line 26.
LaTeX Font Info:    Overwriting symbol font `letters' in version `bold'
(Font)                  OML/txmi/bx/it --> OML/lmm/b/it on input line 27.
LaTeX Font Info:    Overwriting symbol font `symbols' in version `bold'
(Font)                  OMS/txsy/bx/n --> OMS/lmsy/b/n on input line 28.
LaTeX Font Info:    Overwriting symbol font `largesymbols' in version `bold'
(Font)                  OMX/txex/bx/n --> OMX/lmex/m/n on input line 29.
LaTeX Font Info:    Overwriting math alphabet `\mathbf' in version `normal'
(Font)                  OT1/txr/bx/n --> OT1/lmr/bx/n on input line 31.
LaTeX Font Info:    Overwriting math alphabet `\mathsf' in version `normal'
(Font)                  OT1/txss/m/n --> OT1/lmss/m/n on input line 32.
LaTeX Font Info:    Overwriting math alphabet `\mathit' in version `normal'
(Font)                  OT1/txr/m/it --> OT1/lmr/m/it on input line 33.
LaTeX Font Info:    Overwriting math alphabet `\mathtt' in version `normal'
(Font)                  OT1/txtt/m/n --> OT1/lmtt/m/n on input line 34.
LaTeX Font Info:    Overwriting math alphabet `\mathbf' in version `bold'
(Font)                  OT1/txr/bx/n --> OT1/lmr/bx/n on input line 35.
LaTeX Font Info:    Overwriting math alphabet `\mathsf' in version `bold'
(Font)                  OT1/txss/b/n --> OT1/lmss/bx/n on input line 36.
LaTeX Font Info:    Overwriting math alphabet `\mathit' in version `bold'
(Font)                  OT1/txr/bx/it --> OT1/lmr/bx/it on input line 37.
LaTeX Font Info:    Overwriting math alphabet `\mathtt' in version `bold'
(Font)                  OT1/txtt/b/n --> OT1/lmtt/m/n on input line 38.
)
("C:\Program Files\MiKTeX 2.9\tex/latex/lipsum\lipsum.sty"
("C:\Program Files\MiKTeX 2.9\tex/latex/l3kernel\expl3.sty"
Package: expl3 2019-05-28 L3 programming layer (loader) 

("C:\Program Files\MiKTeX 2.9\tex/latex/l3kernel\expl3-code.tex"
Package: expl3 2019-05-28 L3 programming layer (code)
\c_max_int=\count126
\l_tmpa_int=\count127
\l_tmpb_int=\count128
\g_tmpa_int=\count129
\g_tmpb_int=\count130
\g__kernel_prg_map_int=\count131
\c__ior_term_ior=\count132
\c_log_iow=\count133
\l_iow_line_count_int=\count134
\l__iow_line_target_int=\count135
\l__iow_one_indent_int=\count136
\l__iow_indent_int=\count137
\c_zero_dim=\dimen120
\c_max_dim=\dimen121
\l_tmpa_dim=\dimen122
\l_tmpb_dim=\dimen123
\g_tmpa_dim=\dimen124
\g_tmpb_dim=\dimen125
\c_zero_skip=\skip55
\c_max_skip=\skip56
\l_tmpa_skip=\skip57
\l_tmpb_skip=\skip58
\g_tmpa_skip=\skip59
\g_tmpb_skip=\skip60
\c_zero_muskip=\muskip10
\c_max_muskip=\muskip11
\l_tmpa_muskip=\muskip12
\l_tmpb_muskip=\muskip13
\g_tmpa_muskip=\muskip14
\g_tmpb_muskip=\muskip15
\l_keys_choice_int=\count138
\l__intarray_loop_int=\count139
\c__intarray_sp_dim=\dimen126
\g__intarray_font_int=\count140
\c__fp_leading_shift_int=\count141
\c__fp_middle_shift_int=\count142
\c__fp_trailing_shift_int=\count143
\c__fp_big_leading_shift_int=\count144
\c__fp_big_middle_shift_int=\count145
\c__fp_big_trailing_shift_int=\count146
\c__fp_Bigg_leading_shift_int=\count147
\c__fp_Bigg_middle_shift_int=\count148
\c__fp_Bigg_trailing_shift_int=\count149
\c__kernel_randint_max_int=\count150
\g__fp_array_int=\count151
\l__fp_array_loop_int=\count152
\l__sort_length_int=\count153
\l__sort_min_int=\count154
\l__sort_top_int=\count155
\l__sort_max_int=\count156
\l__sort_true_max_int=\count157
\l__sort_block_int=\count158
\l__sort_begin_int=\count159
\l__sort_end_int=\count160
\l__sort_A_int=\count161
\l__sort_B_int=\count162
\l__sort_C_int=\count163
\l__tl_analysis_normal_int=\count164
\l__tl_analysis_index_int=\count165
\l__tl_analysis_nesting_int=\count166
\l__tl_analysis_type_int=\count167
\l__regex_internal_a_int=\count168
\l__regex_internal_b_int=\count169
\l__regex_internal_c_int=\count170
\l__regex_balance_int=\count171
\l__regex_group_level_int=\count172
\l__regex_mode_int=\count173
\c__regex_cs_in_class_mode_int=\count174
\c__regex_cs_mode_int=\count175
\l__regex_catcodes_int=\count176
\l__regex_default_catcodes_int=\count177
\c__regex_catcode_D_int=\count178
\c__regex_catcode_S_int=\count179
\c__regex_catcode_L_int=\count180
\c__regex_catcode_O_int=\count181
\c__regex_catcode_A_int=\count182
\c__regex_all_catcodes_int=\count183
\l__regex_show_lines_int=\count184
\l__regex_min_state_int=\count185
\l__regex_max_state_int=\count186
\l__regex_left_state_int=\count187
\l__regex_right_state_int=\count188
\l__regex_capturing_group_int=\count189
\l__regex_min_pos_int=\count190
\l__regex_max_pos_int=\count191
\l__regex_curr_pos_int=\count192
\l__regex_start_pos_int=\count193
\l__regex_success_pos_int=\count194
\l__regex_curr_char_int=\count195
\l__regex_curr_catcode_int=\count196
\l__regex_last_char_int=\count197
\l__regex_case_changed_char_int=\count198
\l__regex_curr_state_int=\count199
\l__regex_step_int=\count266
\l__regex_min_active_int=\count267
\l__regex_max_active_int=\count268
\l__regex_replacement_csnames_int=\count269
\l__regex_match_count_int=\count270
\l__regex_min_submatch_int=\count271
\l__regex_submatch_int=\count272
\l__regex_zeroth_submatch_int=\count273
\g__regex_trace_regex_int=\count274
\c_empty_box=\box31
\l_tmpa_box=\box32
\l_tmpb_box=\box33
\g_tmpa_box=\box34
\g_tmpb_box=\box35
\l__box_top_dim=\dimen127
\l__box_bottom_dim=\dimen128
\l__box_left_dim=\dimen129
\l__box_right_dim=\dimen130
\l__box_top_new_dim=\dimen131
\l__box_bottom_new_dim=\dimen132
\l__box_left_new_dim=\dimen133
\l__box_right_new_dim=\dimen134
\l__box_internal_box=\box36
\l__coffin_internal_box=\box37
\l__coffin_internal_dim=\dimen135
\l__coffin_offset_x_dim=\dimen136
\l__coffin_offset_y_dim=\dimen137
\l__coffin_x_dim=\dimen138
\l__coffin_y_dim=\dimen139
\l__coffin_x_prime_dim=\dimen140
\l__coffin_y_prime_dim=\dimen141
\c_empty_coffin=\box38
\l__coffin_aligned_coffin=\box39
\l__coffin_aligned_internal_coffin=\box40
\l_tmpa_coffin=\box41
\l_tmpb_coffin=\box42
\g_tmpa_coffin=\box43
\g_tmpb_coffin=\box44
\l__coffin_bounding_shift_dim=\dimen142
\l__coffin_left_corner_dim=\dimen143
\l__coffin_right_corner_dim=\dimen144
\l__coffin_bottom_corner_dim=\dimen145
\l__coffin_top_corner_dim=\dimen146
\l__coffin_scaled_total_height_dim=\dimen147
\l__coffin_scaled_width_dim=\dimen148
\c__coffin_empty_coffin=\box45
\l__coffin_display_coffin=\box46
\l__coffin_display_coord_coffin=\box47
\l__coffin_display_pole_coffin=\box48
\l__coffin_display_offset_dim=\dimen149
\l__coffin_display_x_dim=\dimen150
\l__coffin_display_y_dim=\dimen151
\g__file_internal_ior=\read1
\l__seq_internal_a_int=\count275
\l__seq_internal_b_int=\count276
\c__deprecation_minus_one=\count277
)
("C:\Program Files\MiKTeX 2.9\tex/latex/l3kernel\l3pdfmode.def"
File: l3pdfmode.def 2019-04-06 v L3 Experimental driver: PDF mode
\l__driver_internal_box=\box49
\l__driver_color_stack_int=\count278
))
("C:\Program Files\MiKTeX 2.9\tex/latex/l3packages/xparse\xparse.sty"
Package: xparse 2019-05-28 L3 Experimental document command parser
\l__xparse_current_arg_int=\count279
\g__xparse_grabber_int=\count280
\l__xparse_m_args_int=\count281
\l__xparse_v_nesting_int=\count282
)
Package: lipsum 2019/01/02 v2.2 150 paragraphs of Lorem Ipsum dummy text

("C:\Program Files\MiKTeX 2.9\tex/latex/lipsum\lipsum.ltd.tex"
File: lipsum.ltd.tex 2019/01/02 v2.2 The Lorem ipsum dummy text
))
("C:\Program Files\MiKTeX 2.9\tex/latex/placeins\placeins.sty"
Package: placeins 2005/04/18  v 2.2
)
("C:\Program Files\MiKTeX 2.9\tex/latex/base\inputenc.sty"
Package: inputenc 2018/08/11 v1.3c Input encoding file
\inpenc@prehook=\toks24
\inpenc@posthook=\toks25
)
("C:\Program Files\MiKTeX 2.9\tex/latex/wrapfig\wrapfig.sty"
\wrapoverhang=\dimen152
\WF@size=\dimen153
\c@WF@wrappedlines=\count283
\WF@box=\box50
\WF@everypar=\toks26
Package: wrapfig 2003/01/31  v 3.6
)
("C:\Program Files\MiKTeX 2.9\tex/latex/hyperref\hyperref.sty"
Package: hyperref 2018/11/30 v6.88e Hypertext links for LaTeX

("C:\Program Files\MiKTeX 2.9\tex/generic/oberdiek\hobsub-hyperref.sty"
Package: hobsub-hyperref 2016/05/16 v1.14 Bundle oberdiek, subset hyperref (HO)


("C:\Program Files\MiKTeX 2.9\tex/generic/oberdiek\hobsub-generic.sty"
Package: hobsub-generic 2016/05/16 v1.14 Bundle oberdiek, subset generic (HO)
Package: hobsub 2016/05/16 v1.14 Construct package bundles (HO)
Package hobsub Info: Skipping package `infwarerr' (already loaded).
Package hobsub Info: Skipping package `ltxcmds' (already loaded).
Package: ifluatex 2016/05/16 v1.4 Provides the ifluatex switch (HO)
Package ifluatex Info: LuaTeX not detected.
Package: ifvtex 2016/05/16 v1.6 Detect VTeX and its facilities (HO)
Package ifvtex Info: VTeX not detected.
Package: intcalc 2016/05/16 v1.2 Expandable calculations with integers (HO)
Package hobsub Info: Skipping package `ifpdf' (already loaded).
Package: etexcmds 2016/05/16 v1.6 Avoid name clashes with e-TeX commands (HO)
Package: kvsetkeys 2016/05/16 v1.17 Key value parser (HO)
Package: kvdefinekeys 2016/05/16 v1.4 Define keys (HO)
Package: pdftexcmds 2018/09/10 v0.29 Utility functions of pdfTeX for LuaTeX (HO
)
Package pdftexcmds Info: LuaTeX not detected.
Package pdftexcmds Info: \pdf@primitive is available.
Package pdftexcmds Info: \pdf@ifprimitive is available.
Package pdftexcmds Info: \pdfdraftmode found.
Package: pdfescape 2016/05/16 v1.14 Implements pdfTeX's escape features (HO)
Package: bigintcalc 2016/05/16 v1.4 Expandable calculations on big integers (HO
)
Package: bitset 2016/05/16 v1.2 Handle bit-vector datatype (HO)
Package: uniquecounter 2016/05/16 v1.3 Provide unlimited unique counter (HO)
)
Package hobsub Info: Skipping package `hobsub' (already loaded).
Package: letltxmacro 2016/05/16 v1.5 Let assignment for LaTeX macros (HO)
Package: hopatch 2016/05/16 v1.3 Wrapper for package hooks (HO)
Package: xcolor-patch 2016/05/16 xcolor patch
Package: atveryend 2016/05/16 v1.9 Hooks at the very end of document (HO)
Package hobsub Info: Skipping package `atbegshi' (already loaded).
Package: refcount 2016/05/16 v3.5 Data extraction from label references (HO)
Package: hycolor 2016/05/16 v1.8 Color options for hyperref/bookmark (HO)
)
("C:\Program Files\MiKTeX 2.9\tex/generic/ifxetex\ifxetex.sty"
Package: ifxetex 2010/09/12 v0.6 Provides ifxetex conditional
)
("C:\Program Files\MiKTeX 2.9\tex/latex/oberdiek\auxhook.sty"
Package: auxhook 2016/05/16 v1.4 Hooks for auxiliary files (HO)
)
("C:\Program Files\MiKTeX 2.9\tex/latex/oberdiek\kvoptions.sty"
Package: kvoptions 2016/05/16 v3.12 Key value format for package options (HO)
)
\@linkdim=\dimen154
\Hy@linkcounter=\count284
\Hy@pagecounter=\count285

("C:\Program Files\MiKTeX 2.9\tex/latex/hyperref\pd1enc.def"
File: pd1enc.def 2018/11/30 v6.88e Hyperref: PDFDocEncoding definition (HO)
Now handling font encoding PD1 ...
... no UTF-8 mapping file for font encoding PD1
)
\Hy@SavedSpaceFactor=\count286

("C:\Program Files\MiKTeX 2.9\tex/latex/00miktex\hyperref.cfg"
File: hyperref.cfg 2002/06/06 v1.2 hyperref configuration of TeXLive
)
Package hyperref Info: Hyper figures OFF on input line 4519.
Package hyperref Info: Link nesting OFF on input line 4524.
Package hyperref Info: Hyper index ON on input line 4527.
Package hyperref Info: Plain pages OFF on input line 4534.
Package hyperref Info: Backreferencing OFF on input line 4539.
Package hyperref Info: Implicit mode ON; LaTeX internals redefined.
Package hyperref Info: Bookmarks ON on input line 4772.
\c@Hy@tempcnt=\count287

("C:\Program Files\MiKTeX 2.9\tex/latex/url\url.sty"
\Urlmuskip=\muskip16
Package: url 2013/09/16  ver 3.4  Verb mode for urls, etc.
)
LaTeX Info: Redefining \url on input line 5125.
\XeTeXLinkMargin=\dimen155
\Fld@menulength=\count288
\Field@Width=\dimen156
\Fld@charsize=\dimen157
Package hyperref Info: Hyper figures OFF on input line 6380.
Package hyperref Info: Link nesting OFF on input line 6385.
Package hyperref Info: Hyper index ON on input line 6388.
Package hyperref Info: backreferencing OFF on input line 6395.
Package hyperref Info: Link coloring OFF on input line 6400.
Package hyperref Info: Link coloring with OCG OFF on input line 6405.
Package hyperref Info: PDF/A mode OFF on input line 6410.
LaTeX Info: Redefining \ref on input line 6450.
LaTeX Info: Redefining \pageref on input line 6454.
\Hy@abspage=\count289
\c@Item=\count290
\c@Hfootnote=\count291
)
Package hyperref Info: Driver (autodetected): hpdftex.

("C:\Program Files\MiKTeX 2.9\tex/latex/hyperref\hpdftex.def"
File: hpdftex.def 2018/11/30 v6.88e Hyperref driver for pdfTeX
\Fld@listcount=\count292
\c@bookmark@seq@number=\count293

("C:\Program Files\MiKTeX 2.9\tex/latex/oberdiek\rerunfilecheck.sty"
Package: rerunfilecheck 2016/05/16 v1.8 Rerun checks for auxiliary files (HO)
Package uniquecounter Info: New unique counter `rerunfilecheck' on input line 2
82.
)
\Hy@SectionHShift=\skip61
)
Package hyperref Info: Option `colorlinks' set `true' on input line 30.

(rapport.aux)
\openout1 = `rapport.aux'.

LaTeX Font Info:    Checking defaults for OML/txmi/m/it on input line 33.
LaTeX Font Info:    Try loading font information for OML+txmi on input line 33.

 ("C:\Program Files\MiKTeX 2.9\tex/latex/txfonts\omltxmi.fd"
File: omltxmi.fd 2000/12/15 v3.1
)
LaTeX Font Info:    ... okay on input line 33.
LaTeX Font Info:    Checking defaults for T1/cmr/m/n on input line 33.
LaTeX Font Info:    ... okay on input line 33.
LaTeX Font Info:    Checking defaults for OT1/cmr/m/n on input line 33.
LaTeX Font Info:    ... okay on input line 33.
LaTeX Font Info:    Checking defaults for OMS/txsy/m/n on input line 33.
LaTeX Font Info:    Try loading font information for OMS+txsy on input line 33.


("C:\Program Files\MiKTeX 2.9\tex/latex/txfonts\omstxsy.fd"
File: omstxsy.fd 2000/12/15 v3.1
)
LaTeX Font Info:    ... okay on input line 33.
LaTeX Font Info:    Checking defaults for OMX/txex/m/n on input line 33.
LaTeX Font Info:    Try loading font information for OMX+txex on input line 33.


("C:\Program Files\MiKTeX 2.9\tex/latex/txfonts\omxtxex.fd"
File: omxtxex.fd 2000/12/15 v3.1
)
LaTeX Font Info:    ... okay on input line 33.
LaTeX Font Info:    Checking defaults for U/txexa/m/n on input line 33.
LaTeX Font Info:    Try loading font information for U+txexa on input line 33.

("C:\Program Files\MiKTeX 2.9\tex/latex/txfonts\utxexa.fd"
File: utxexa.fd 2000/12/15 v3.1
)
LaTeX Font Info:    ... okay on input line 33.
LaTeX Font Info:    Checking defaults for TS1/cmr/m/n on input line 33.
LaTeX Font Info:    Try loading font information for TS1+cmr on input line 33.

("C:\Program Files\MiKTeX 2.9\tex/latex/base\ts1cmr.fd"
File: ts1cmr.fd 2014/09/29 v2.5h Standard LaTeX font definitions
)
LaTeX Font Info:    ... okay on input line 33.
LaTeX Font Info:    Checking defaults for PD1/pdf/m/n on input line 33.
LaTeX Font Info:    ... okay on input line 33.
LaTeX Font Info:    Try loading font information for OT1+lmr on input line 33.

("C:\Program Files\MiKTeX 2.9\tex/latex/lm\ot1lmr.fd"
File: ot1lmr.fd 2009/10/30 v1.6 Font defs for Latin Modern
)
("C:\Program Files\MiKTeX 2.9\tex/context/base/mkii\supp-pdf.mkii"
[Loading MPS to PDF converter (version 2006.09.02).]
\scratchcounter=\count294
\scratchdimen=\dimen158
\scratchbox=\box51
\nofMPsegments=\count295
\nofMParguments=\count296
\everyMPshowfont=\toks27
\MPscratchCnt=\count297
\MPscratchDim=\dimen159
\MPnumerator=\count298
\makeMPintoPDFobject=\count299
\everyMPtoPDFconversion=\toks28
) ("C:\Program Files\MiKTeX 2.9\tex/latex/oberdiek\epstopdf-base.sty"
Package: epstopdf-base 2016/05/15 v2.6 Base part for package epstopdf

("C:\Program Files\MiKTeX 2.9\tex/latex/oberdiek\grfext.sty"
Package: grfext 2016/05/16 v1.2 Manage graphics extensions (HO)
)
Package epstopdf-base Info: Redefining graphics rule for `.eps' on input line 4
38.
Package grfext Info: Graphics extension search list:
(grfext)             [.pdf,.png,.jpg,.mps,.jpeg,.jbig2,.jb2,.PDF,.PNG,.JPG,.JPE
G,.JBIG2,.JB2,.eps]
(grfext)             \AppendGraphicsExtensions on input line 456.
)
\AtBeginShipoutBox=\box52

("C:\Program Files\MiKTeX 2.9\tex/latex/oberdiek\pdflscape.sty"
Package: pdflscape 2016/05/14 v0.11 Display of landscape pages in PDF (HO)
Package pdflscape Info: Auto-detected driver: pdftex on input line 81.
)
\c@maskedRefs=\count300

("C:\Program Files\MiKTeX 2.9\tex/latex/apacite\french.apc"
LaTeX Info: Redefining \BPBI on input line 130.
LaTeX Info: Redefining \BHBI on input line 131.
)
LaTeX Info: Redefining \degres on input line 33.
LaTeX Info: Redefining \dots on input line 33.
LaTeX Info: Redefining \up on input line 33.


Package french.ldf Warning: OT1 encoding should not be used for French.
(french.ldf)                Add \usepackage[T1]{fontenc} to the preamble
(french.ldf)                of your document; reported on input line 33.

Package hyperref Info: Link coloring ON on input line 33.
("C:\Program Files\MiKTeX 2.9\tex/latex/hyperref\nameref.sty"
Package: nameref 2016/05/21 v2.44 Cross-referencing by name of section

("C:\Program Files\MiKTeX 2.9\tex/generic/oberdiek\gettitlestring.sty"
Package: gettitlestring 2016/05/16 v1.5 Cleanup title references (HO)
)
\c@section@level=\count301
)
LaTeX Info: Redefining \ref on input line 33.
LaTeX Info: Redefining \pageref on input line 33.
LaTeX Info: Redefining \nameref on input line 33.

(rapport.out) (rapport.out)
\@outlinefile=\write3
\openout3 = `rapport.out'.

<PageDeGarde.pdf, id=219, 597.73312pt x 845.40843pt>
File: PageDeGarde.pdf Graphic file (type pdf)
<use PageDeGarde.pdf>
Package pdftex.def Info: PageDeGarde.pdf  used on input line 34.
(pdftex.def)             Requested size: 597.73166pt x 845.40636pt.
File: PageDeGarde.pdf Graphic file (type pdf)
<use PageDeGarde.pdf>
Package pdftex.def Info: PageDeGarde.pdf  used on input line 34.
(pdftex.def)             Requested size: 597.73166pt x 845.40636pt.
<PageDeGarde.pdf, id=222, page=1, 597.73312pt x 845.40843pt>
File: PageDeGarde.pdf Graphic file (type pdf)
<use PageDeGarde.pdf, page 1>
Package pdftex.def Info: PageDeGarde.pdf , page1 used on input line 34.
(pdftex.def)             Requested size: 597.73166pt x 845.40636pt.
File: PageDeGarde.pdf Graphic file (type pdf)
<use PageDeGarde.pdf, page 1>
Package pdftex.def Info: PageDeGarde.pdf , page1 used on input line 34.
(pdftex.def)             Requested size: 562.33437pt x 795.34192pt.
File: PageDeGarde.pdf Graphic file (type pdf)
<use PageDeGarde.pdf, page 1>
Package pdftex.def Info: PageDeGarde.pdf , page1 used on input line 34.
(pdftex.def)             Requested size: 562.33437pt x 795.34192pt.
File: PageDeGarde.pdf Graphic file (type pdf)
<use PageDeGarde.pdf, page 1>
Package pdftex.def Info: PageDeGarde.pdf , page1 used on input line 34.
(pdftex.def)             Requested size: 562.33437pt x 795.34192pt.
File: PageDeGarde.pdf Graphic file (type pdf)
<use PageDeGarde.pdf, page 1>
Package pdftex.def Info: PageDeGarde.pdf , page1 used on input line 34.
(pdftex.def)             Requested size: 562.33437pt x 795.34192pt.
 [1

 <./PageDeGarde.pdf>]
<./pdf/signature.pdf, id=252, 597.73312pt x 845.40843pt>
File: ./pdf/signature.pdf Graphic file (type pdf)
<use ./pdf/signature.pdf>
Package pdftex.def Info: ./pdf/signature.pdf  used on input line 35.
(pdftex.def)             Requested size: 597.73166pt x 845.40636pt.
File: ./pdf/signature.pdf Graphic file (type pdf)
<use ./pdf/signature.pdf>
Package pdftex.def Info: ./pdf/signature.pdf  used on input line 35.
(pdftex.def)             Requested size: 597.73166pt x 845.40636pt.
<./pdf/signature.pdf, id=255, page=1, 597.73312pt x 845.40843pt>
File: ./pdf/signature.pdf Graphic file (type pdf)
<use ./pdf/signature.pdf, page 1>
Package pdftex.def Info: ./pdf/signature.pdf , page1 used on input line 35.
(pdftex.def)             Requested size: 597.73166pt x 845.40636pt.
File: ./pdf/signature.pdf Graphic file (type pdf)
<use ./pdf/signature.pdf, page 1>
Package pdftex.def Info: ./pdf/signature.pdf , page1 used on input line 35.
(pdftex.def)             Requested size: 562.33437pt x 795.34192pt.
File: ./pdf/signature.pdf Graphic file (type pdf)
<use ./pdf/signature.pdf, page 1>
Package pdftex.def Info: ./pdf/signature.pdf , page1 used on input line 35.
(pdftex.def)             Requested size: 562.33437pt x 795.34192pt.
File: ./pdf/signature.pdf Graphic file (type pdf)
<use ./pdf/signature.pdf, page 1>
Package pdftex.def Info: ./pdf/signature.pdf , page1 used on input line 35.
(pdftex.def)             Requested size: 562.33437pt x 795.34192pt.
File: ./pdf/signature.pdf Graphic file (type pdf)
<use ./pdf/signature.pdf, page 1>
Package pdftex.def Info: ./pdf/signature.pdf , page1 used on input line 35.
(pdftex.def)             Requested size: 562.33437pt x 795.34192pt.
 [2 <./pdf/signature.pdf>]
(rapport.toc
LaTeX Font Info:    Try loading font information for OML+lmm on input line 4.
 ("C:\Program Files\MiKTeX 2.9\tex/latex/lm\omllmm.fd"
File: omllmm.fd 2009/10/30 v1.6 Font defs for Latin Modern
)
LaTeX Font Info:    Try loading font information for OMS+lmsy on input line 4.

("C:\Program Files\MiKTeX 2.9\tex/latex/lm\omslmsy.fd"
File: omslmsy.fd 2009/10/30 v1.6 Font defs for Latin Modern
)
LaTeX Font Info:    Try loading font information for OMX+lmex on input line 4.

("C:\Program Files\MiKTeX 2.9\tex/latex/lm\omxlmex.fd"
File: omxlmex.fd 2009/10/30 v1.6 Font defs for Latin Modern
)
LaTeX Font Info:    External font `lmex10' loaded for size
(Font)              <12> on input line 4.
LaTeX Font Info:    External font `lmex10' loaded for size
(Font)              <8> on input line 4.
LaTeX Font Info:    External font `lmex10' loaded for size
(Font)              <6> on input line 4.
LaTeX Font Info:    Try loading font information for OT1+txr on input line 4.

("C:\Program Files\MiKTeX 2.9\tex/latex/txfonts\ot1txr.fd"
File: ot1txr.fd 2000/12/15 v3.1
)
LaTeX Font Info:    Try loading font information for U+txmia on input line 4.

("C:\Program Files\MiKTeX 2.9\tex/latex/txfonts\utxmia.fd"
File: utxmia.fd 2000/12/15 v3.1
)
LaTeX Font Info:    Try loading font information for U+txsya on input line 4.

("C:\Program Files\MiKTeX 2.9\tex/latex/txfonts\utxsya.fd"
File: utxsya.fd 2000/12/15 v3.1
)
LaTeX Font Info:    Try loading font information for U+txsyb on input line 4.

("C:\Program Files\MiKTeX 2.9\tex/latex/txfonts\utxsyb.fd"
File: utxsyb.fd 2000/12/15 v3.1
)
LaTeX Font Info:    Try loading font information for U+txsyc on input line 4.

("C:\Program Files\MiKTeX 2.9\tex/latex/txfonts\utxsyc.fd"
File: utxsyc.fd 2000/12/15 v3.1
) [3

{C:/Users/WaelChorfan/AppData/Local/MiKTeX/2.9/pdftex/config/pdftex.map}])
\tf@toc=\write4
\openout4 = `rapport.toc'.

 [4] (rapport.lof)
\tf@lof=\write5
\openout5 = `rapport.lof'.


[5

] (rapport.lot)
\tf@lot=\write6
\openout6 = `rapport.lot'.

<1.pdf, id=488, 597.73312pt x 845.40843pt>
File: 1.pdf Graphic file (type pdf)
<use 1.pdf>
Package pdftex.def Info: 1.pdf  used on input line 41.
(pdftex.def)             Requested size: 597.73166pt x 845.40636pt.
File: 1.pdf Graphic file (type pdf)
<use 1.pdf>
Package pdftex.def Info: 1.pdf  used on input line 41.
(pdftex.def)             Requested size: 597.73166pt x 845.40636pt.
<1.pdf, id=491, page=1, 597.73312pt x 845.40843pt>
File: 1.pdf Graphic file (type pdf)
<use 1.pdf, page 1>
Package pdftex.def Info: 1.pdf , page1 used on input line 41.
(pdftex.def)             Requested size: 597.73166pt x 845.40636pt.
File: 1.pdf Graphic file (type pdf)
<use 1.pdf, page 1>
Package pdftex.def Info: 1.pdf , page1 used on input line 41.
(pdftex.def)             Requested size: 562.33437pt x 795.34192pt.
 [6

]
File: 1.pdf Graphic file (type pdf)
<use 1.pdf, page 1>
Package pdftex.def Info: 1.pdf , page1 used on input line 41.
(pdftex.def)             Requested size: 562.33437pt x 795.34192pt.
File: 1.pdf Graphic file (type pdf)
<use 1.pdf, page 1>
Package pdftex.def Info: 1.pdf , page1 used on input line 41.
(pdftex.def)             Requested size: 562.33437pt x 795.34192pt.
File: 1.pdf Graphic file (type pdf)
<use 1.pdf, page 1>
Package pdftex.def Info: 1.pdf , page1 used on input line 41.
(pdftex.def)             Requested size: 562.33437pt x 795.34192pt.
 [7 <./1.pdf>]
<2.pdf, id=530, 597.73312pt x 845.40843pt>
File: 2.pdf Graphic file (type pdf)
<use 2.pdf>
Package pdftex.def Info: 2.pdf  used on input line 42.
(pdftex.def)             Requested size: 597.73166pt x 845.40636pt.
File: 2.pdf Graphic file (type pdf)
<use 2.pdf>
Package pdftex.def Info: 2.pdf  used on input line 42.
(pdftex.def)             Requested size: 597.73166pt x 845.40636pt.
<2.pdf, id=533, page=1, 597.73312pt x 845.40843pt>
File: 2.pdf Graphic file (type pdf)
<use 2.pdf, page 1>
Package pdftex.def Info: 2.pdf , page1 used on input line 42.
(pdftex.def)             Requested size: 597.73166pt x 845.40636pt.
File: 2.pdf Graphic file (type pdf)
<use 2.pdf, page 1>
Package pdftex.def Info: 2.pdf , page1 used on input line 42.
(pdftex.def)             Requested size: 562.33437pt x 795.34192pt.
File: 2.pdf Graphic file (type pdf)
<use 2.pdf, page 1>
Package pdftex.def Info: 2.pdf , page1 used on input line 42.
(pdftex.def)             Requested size: 562.33437pt x 795.34192pt.
File: 2.pdf Graphic file (type pdf)
<use 2.pdf, page 1>
Package pdftex.def Info: 2.pdf , page1 used on input line 42.
(pdftex.def)             Requested size: 562.33437pt x 795.34192pt.
File: 2.pdf Graphic file (type pdf)
<use 2.pdf, page 1>
Package pdftex.def Info: 2.pdf , page1 used on input line 42.
(pdftex.def)             Requested size: 562.33437pt x 795.34192pt.
 [8 <./2.pdf>]
<3.pdf, id=563, 597.73312pt x 845.40843pt>
File: 3.pdf Graphic file (type pdf)
<use 3.pdf>
Package pdftex.def Info: 3.pdf  used on input line 43.
(pdftex.def)             Requested size: 597.73166pt x 845.40636pt.
File: 3.pdf Graphic file (type pdf)
<use 3.pdf>
Package pdftex.def Info: 3.pdf  used on input line 43.
(pdftex.def)             Requested size: 597.73166pt x 845.40636pt.
<3.pdf, id=566, page=1, 597.73312pt x 845.40843pt>
File: 3.pdf Graphic file (type pdf)
<use 3.pdf, page 1>
Package pdftex.def Info: 3.pdf , page1 used on input line 43.
(pdftex.def)             Requested size: 597.73166pt x 845.40636pt.
File: 3.pdf Graphic file (type pdf)
<use 3.pdf, page 1>
Package pdftex.def Info: 3.pdf , page1 used on input line 43.
(pdftex.def)             Requested size: 562.33437pt x 795.34192pt.
File: 3.pdf Graphic file (type pdf)
<use 3.pdf, page 1>
Package pdftex.def Info: 3.pdf , page1 used on input line 43.
(pdftex.def)             Requested size: 562.33437pt x 795.34192pt.
File: 3.pdf Graphic file (type pdf)
<use 3.pdf, page 1>
Package pdftex.def Info: 3.pdf , page1 used on input line 43.
(pdftex.def)             Requested size: 562.33437pt x 795.34192pt.
File: 3.pdf Graphic file (type pdf)
<use 3.pdf, page 1>
Package pdftex.def Info: 3.pdf , page1 used on input line 43.
(pdftex.def)             Requested size: 562.33437pt x 795.34192pt.
 [9 <./3.pdf>]
(introduction.tex
Underfull \hbox (badness 10000) in paragraph at lines 6--9

 []


Underfull \hbox (badness 10000) in paragraph at lines 10--13

 []


Underfull \hbox (badness 10000) in paragraph at lines 14--17

 []


Underfull \hbox (badness 10000) in paragraph at lines 18--21

 []


Underfull \hbox (badness 10000) in paragraph at lines 22--25

 []


Underfull \hbox (badness 10000) in paragraph at lines 26--29

 []


Underfull \hbox (badness 10000) in paragraph at lines 30--33

 []

pdfTeX warning (ext4): destination with the same identifier (name{page.1}) has 
been already used, duplicate ignored
<to be read again> 
                   \relax 
l.38 \chapter
             *{Introduction g\'{e}n\'{e}rale} [1

]
Overfull \hbox (14.1024pt too wide) in paragraph at lines 80--86
[]\OT1/lmr/m/n/12 Presente une etape pri-mor-diale, les specifications des b
e-soins, la modelisation
 []

pdfTeX warning (ext4): destination with the same identifier (name{page.2}) has 
been already used, duplicate ignored
<to be read again> 
                   \relax 
l.86 
      [2

]
Overfull \hbox (13.9388pt too wide) in paragraph at lines 100--107
\OT1/lmr/m/n/12 a la presentation de l'en-vi-ron-ne-ment materiel et lo-gi-c
iel uti-lise pour la realisation
 []

)pdfTeX warning (ext4): destination with the same identifier (name{page.3}) has
 been already used, duplicate ignored
<to be read again> 
                   \relax 
l.51 \part
          {Aspects Th\'{e}oriques } [3]pdfTeX warning (ext4): destination with 
the same identifier (name{page.4}) has been already used, duplicate ignored
<to be read again> 
                   \relax 
l.51 \part{Aspects Th\'{e}oriques }
                                    [4

] (Chapitre1.tex
Chapitre 1.
pdfTeX warning (ext4): destination with the same identifier (name{page.5}) has 
been already used, duplicate ignored
<to be read again> 
                   \relax 
l.37 
      [5

]
<./figures/cherchini-logo.png, id=624, 878.53218pt x 434.37282pt>
File: ./figures/cherchini-logo.png Graphic file (type png)
<use ./figures/cherchini-logo.png>
Package pdftex.def Info: ./figures/cherchini-logo.png  used on input line 50.
(pdftex.def)             Requested size: 284.52757pt x 256.08553pt.

Overfull \hbox (10.92947pt too wide) in paragraph at lines 64--65
[]\OT1/lmr/m/n/12 L'informatique decisionnelle, aussi ap-pelee bu-si-ness in-
tel-li-gence(BI), designe
 []

pdfTeX warning (ext4): destination with the same identifier (name{page.6}) has 
been already used, duplicate ignored
<to be read again> 
                   \relax 
l.65 
      [6 <./figures/cherchini-logo.png>]
Overfull \hbox (12.56181pt too wide) in paragraph at lines 72--75
[]\OT1/lmr/m/n/12 Il s'agit d'une plate-forme ro-buste qui sert a vos equipes
 de res-ter concentrees
 []


Overfull \hbox (6.76036pt too wide) in paragraph at lines 90--93
[]\OT1/lmr/m/n/12 Partagez des in-for-ma-tions avec les bonnes per-sonnes. Ren-
dez les equipes
 []


Overfull \hbox (6.76036pt too wide) in paragraph at lines 94--97
[]\OT1/lmr/m/n/12 Partagez des in-for-ma-tions avec les bonnes per-sonnes. Ren-
dez les equipes
 []

pdfTeX warning (ext4): destination with the same identifier (name{page.7}) has 
been already used, duplicate ignored
<to be read again> 
                   \relax 
l.110 \item{
            Des Rapport sur l'avancement du projet} [7]
<./figures/triangle.png, id=634, 293.095pt x 168.63pt>
File: ./figures/triangle.png Graphic file (type png)
<use ./figures/triangle.png>
Package pdftex.def Info: ./figures/triangle.png  used on input line 147.
(pdftex.def)             Requested size: 227.62032pt x 142.26576pt.
<./figures/archi.png, id=635, 623.32875pt x 382.42876pt>
File: ./figures/archi.png Graphic file (type png)
<use ./figures/archi.png>
Package pdftex.def Info: ./figures/archi.png  used on input line 161.
(pdftex.def)             Requested size: 284.52809pt x 284.53922pt.
pdfTeX warning (ext4): destination with the same identifier (name{page.8}) has 
been already used, duplicate ignored
<to be read again> 
                   \relax 
l.163 \end{figure}
                   [8 <./figures/triangle.png>]pdfTeX warning (ext4): destinati
on with the same identifier (name{page.9}) has been already used, duplicate ign
ored
<to be read again> 
                   \relax 
l.192 \item{
            Atteindre un certain objectif.} [9 <./figures/archi.png>]
<./figures/scrum.png, id=644, 615.80063pt x 226.59656pt>
File: ./figures/scrum.png Graphic file (type png)
<use ./figures/scrum.png>
Package pdftex.def Info: ./figures/scrum.png  used on input line 225.
(pdftex.def)             Requested size: 284.53084pt x 170.71803pt.
 [10]
Overfull \hbox (101.77533pt too wide) in paragraph at lines 247--296
 [][] 
 []

[11 <./figures/scrum.png>] [12]
<./figures/gantt.png, id=659, 2890.8pt x 1771.36781pt>
File: ./figures/gantt.png Graphic file (type png)
<use ./figures/gantt.png>
Package pdftex.def Info: ./figures/gantt.png  used on input line 304.
(pdftex.def)             Requested size: 483.66615pt x 426.78572pt.

Overfull \hbox (93.66615pt too wide) in paragraph at lines 304--305
 [] 
 []

) (Chapitre2.tex [13 <./figures/gantt.png>]
Chapitre 2.
[14

] [15] (ucG.tex [16]
<./figures/ucG.png, id=686, 756.8275pt x 644.4075pt>
File: ./figures/ucG.png Graphic file (type png)
<use ./figures/ucG.png>
Package pdftex.def Info: ./figures/ucG.png  used on input line 19.
(pdftex.def)             Requested size: 369.89021pt x 284.5333pt.
) (blp.tex
Overfull \hbox (93.86731pt too wide) in paragraph at lines 14--38
 [][] 
 []

[17 <./figures/ucG.png>]
Overfull \hbox (61.15675pt too wide) in paragraph at lines 47--67
 [][] 
 []

)) [18] [19] [20

] (Chapitre3.tex
Chapitre 3.
(sp11.tex
Overfull \hbox (6.55731pt too wide) in paragraph at lines 1--5
\OT1/lmr/m/n/12 cas d'uti-li-sa-tion [] Gerer un plan-ning d'af-fec-ta-tion[] 
que nous al-lons decortiquer
 []

LaTeX Font Info:    Try loading font information for TS1+lmr on input line 13.
("C:\Program Files\MiKTeX 2.9\tex/latex/lm\ts1lmr.fd"
File: ts1lmr.fd 2009/10/30 v1.6 Font defs for Latin Modern
) [21

])
Overfull \hbox (12.24222pt too wide) in paragraph at lines 31--11
[]\OT1/lmr/m/n/12 Contrairement aux cycles de developpement sequentiel, avec 
la methodologie
 []

(sp12.tex) (sp13.tex)) (Chapitre4.tex [22] [23]
Chapitre 4.
(sp21.tex)) (Chapitre5.tex [24

]
Chapitre 5.
[25

]
Underfull \hbox (badness 10000) in paragraph at lines 35--37

 []

[26]
Underfull \hbox (badness 10000) in paragraph at lines 124--126

 []


Underfull \hbox (badness 10000) in paragraph at lines 126--128

 []


Underfull \hbox (badness 10000) in paragraph at lines 128--131

 []


Underfull \hbox (badness 10000) in paragraph at lines 131--133

 []


Underfull \hbox (badness 10000) in paragraph at lines 133--135

 []


Underfull \hbox (badness 10000) in paragraph at lines 135--138

 []


Underfull \hbox (badness 10000) in paragraph at lines 138--140

 []


Underfull \hbox (badness 10000) in paragraph at lines 140--142

 []

<./pdf/structure.pdf, id=742, 614.295pt x 794.97pt>
File: ./pdf/structure.pdf Graphic file (type pdf)
<use ./pdf/structure.pdf>
Package pdftex.def Info: ./pdf/structure.pdf  used on input line 146.
(pdftex.def)             Requested size: 614.29349pt x 794.96806pt.
File: ./pdf/structure.pdf Graphic file (type pdf)
<use ./pdf/structure.pdf>
Package pdftex.def Info: ./pdf/structure.pdf  used on input line 146.
(pdftex.def)             Requested size: 614.29349pt x 794.96806pt.
<./pdf/structure.pdf, id=745, page=1, 614.295pt x 794.97pt>
File: ./pdf/structure.pdf Graphic file (type pdf)
<use ./pdf/structure.pdf, page 1>
Package pdftex.def Info: ./pdf/structure.pdf , page1 used on input line 146.
(pdftex.def)             Requested size: 614.29349pt x 794.96806pt.
File: ./pdf/structure.pdf Graphic file (type pdf)
<use ./pdf/structure.pdf, page 1>
Package pdftex.def Info: ./pdf/structure.pdf , page1 used on input line 146.
(pdftex.def)             Requested size: 614.58406pt x 795.3441pt.
[27]
File: ./pdf/structure.pdf Graphic file (type pdf)
<use ./pdf/structure.pdf, page 1>
Package pdftex.def Info: ./pdf/structure.pdf , page1 used on input line 146.
(pdftex.def)             Requested size: 614.58406pt x 795.3441pt.
File: ./pdf/structure.pdf Graphic file (type pdf)
<use ./pdf/structure.pdf, page 1>
Package pdftex.def Info: ./pdf/structure.pdf , page1 used on input line 146.
(pdftex.def)             Requested size: 614.58406pt x 795.3441pt.
File: ./pdf/structure.pdf Graphic file (type pdf)
<use ./pdf/structure.pdf, page 1>
Package pdftex.def Info: ./pdf/structure.pdf , page1 used on input line 146.
(pdftex.def)             Requested size: 614.58406pt x 795.3441pt.
 [28 <./pdf/structure.pdf

pdfTeX warning: pdflatex.exe (file ./pdf/structure.pdf): PDF inclusion: invalid
 other resource which is no dict (key 'ProcSets', type <array>); ignored.
>]
Overfull \hbox (13.65686pt too wide) in paragraph at lines 152--152
[]\OT1/lmr/bx/n/17.28 Presentation de quelques in-ter-faces de l'ap-
 []

<./figures/pres/1.png, id=764, 833.36343pt x 423.08063pt>
File: ./figures/pres/1.png Graphic file (type png)
<use ./figures/pres/1.png>
Package pdftex.def Info: ./figures/pres/1.png  used on input line 160.
(pdftex.def)             Requested size: 312.981pt x 199.16425pt.
<./figures/pres/2.png, id=765, 917.67844pt x 354.57469pt>
File: ./figures/pres/2.png Graphic file (type png)
<use ./figures/pres/2.png>
Package pdftex.def Info: ./figures/pres/2.png  used on input line 173.
(pdftex.def)             Requested size: 312.98672pt x 199.17184pt.
[29 <./figures/pres/1.png>]
<./figures/pres/3.png, id=771, 866.48718pt x 338.76563pt>
File: ./figures/pres/3.png Graphic file (type png)
<use ./figures/pres/3.png>
Package pdftex.def Info: ./figures/pres/3.png  used on input line 182.
(pdftex.def)             Requested size: 312.97964pt x 199.1773pt.
 [30 <./figures/pres/2.png> <./figures/pres/3.png>]
<./figures/pres/cost-per-project.png, id=778, 1204.5pt x 803.0pt>
File: ./figures/pres/cost-per-project.png Graphic file (type png)
<use ./figures/pres/cost-per-project.png>
Package pdftex.def Info: ./figures/pres/cost-per-project.png  used on input lin
e 200.
(pdftex.def)             Requested size: 312.97882pt x 199.1689pt.
<./figures/pres/cost-per-customer.png, id=779, 1204.5pt x 803.0pt>
File: ./figures/pres/cost-per-customer.png Graphic file (type png)
<use ./figures/pres/cost-per-customer.png>
Package pdftex.def Info: ./figures/pres/cost-per-customer.png  used on input li
ne 209.
(pdftex.def)             Requested size: 312.97882pt x 199.1689pt.

[31 <./figures/pres/cost-per-project.png>]
<./figures/pres/cost-per-category.png, id=785, 1204.5pt x 803.0pt>
File: ./figures/pres/cost-per-category.png Graphic file (type png)
<use ./figures/pres/cost-per-category.png>
Package pdftex.def Info: ./figures/pres/cost-per-category.png  used on input li
ne 217.
(pdftex.def)             Requested size: 312.97882pt x 199.1689pt.
<./figures/pres/duration-per-project.png, id=786, 1204.5pt x 803.0pt>
File: ./figures/pres/duration-per-project.png Graphic file (type png)
<use ./figures/pres/duration-per-project.png>
Package pdftex.def Info: ./figures/pres/duration-per-project.png  used on input
 line 225.
(pdftex.def)             Requested size: 312.97882pt x 199.1689pt.
 [32 <./figures/pres/cost-per-customer.png> <./figures/pres/cost-per-category.p
ng>]
<./figures/pres/durationin-days-per-proj.png, id=793, 1204.5pt x 803.0pt>
File: ./figures/pres/durationin-days-per-proj.png Graphic file (type png)
<use ./figures/pres/durationin-days-per-proj.png>
Package pdftex.def Info: ./figures/pres/durationin-days-per-proj.png  used on i
nput line 233.
(pdftex.def)             Requested size: 312.97882pt x 199.1689pt.
 [33 <./figures/pres/duration-per-project.png> <./figures/pres/durationin-days-
per-proj.png>]
<./figures/pres/gp1.png, id=800, 980.91469pt x 391.4625pt>
File: ./figures/pres/gp1.png Graphic file (type png)
<use ./figures/pres/gp1.png>
Package pdftex.def Info: ./figures/pres/gp1.png  used on input line 249.
(pdftex.def)             Requested size: 312.97113pt x 199.17134pt.
<./figures/pres/gp2.png, id=801, 916.92563pt x 465.23813pt>
File: ./figures/pres/gp2.png Graphic file (type png)
<use ./figures/pres/gp2.png>
Package pdftex.def Info: ./figures/pres/gp2.png  used on input line 260.
(pdftex.def)             Requested size: 312.98181pt x 199.16821pt.
<./figures/pres/gp3.png, id=802, 897.3525pt x 497.60907pt>
File: ./figures/pres/gp3.png Graphic file (type png)
<use ./figures/pres/gp3.png>
Package pdftex.def Info: ./figures/pres/gp3.png  used on input line 272.
(pdftex.def)             Requested size: 312.96898pt x 199.16917pt.
 [34 <./figures/pres/gp1.png> <./figures/pres/gp2.png>]
<./figures/pres/gp4.png, id=810, 916.92563pt x 461.47406pt>
File: ./figures/pres/gp4.png Graphic file (type png)
<use ./figures/pres/gp4.png>
Package pdftex.def Info: ./figures/pres/gp4.png  used on input line 293.
(pdftex.def)             Requested size: 312.98181pt x 199.16933pt.
 [35 <./figures/pres/gp3.png>]
<./figures/pres/gp5.png, id=816, 915.42pt x 400.49625pt>
File: ./figures/pres/gp5.png Graphic file (type png)
<use ./figures/pres/gp5.png>
Package pdftex.def Info: ./figures/pres/gp5.png  used on input line 303.
(pdftex.def)             Requested size: 312.97073pt x 199.17207pt.
<./figures/pres/gp6.png, id=817, 749.04843pt x 487.06969pt>
File: ./figures/pres/gp6.png Graphic file (type png)
<use ./figures/pres/gp6.png>
Package pdftex.def Info: ./figures/pres/gp6.png  used on input line 312.
(pdftex.def)             Requested size: 312.98663pt x 199.16475pt.
 [36 <./figures/pres/gp4.png> <./figures/pres/gp5.png>] [37 <./figures/pres/gp6
.png>]
<./figures/pres/mm1.png, id=829, 724.20563pt x 393.72093pt>
File: ./figures/pres/mm1.png Graphic file (type png)
<use ./figures/pres/mm1.png>
Package pdftex.def Info: ./figures/pres/mm1.png  used on input line 326.
(pdftex.def)             Requested size: 312.98256pt x 199.16693pt.
<./figures/pres/mm2.png, id=830, 594.72188pt x 366.61969pt>
File: ./figures/pres/mm2.png Graphic file (type png)
<use ./figures/pres/mm2.png>
Package pdftex.def Info: ./figures/pres/mm2.png  used on input line 336.
(pdftex.def)             Requested size: 312.97778pt x 199.16882pt.
<./figures/pres/mm3.png, id=831, 304.13625pt x 469.00218pt>
File: ./figures/pres/mm3.png Graphic file (type png)
<use ./figures/pres/mm3.png>
Package pdftex.def Info: ./figures/pres/mm3.png  used on input line 345.
(pdftex.def)             Requested size: 312.99002pt x 199.16942pt.

[38 <./figures/pres/mm1.png> <./figures/pres/mm2.png>]
<./figures/pres/cc1.png, id=838, 849.92531pt x 438.13687pt>
File: ./figures/pres/cc1.png Graphic file (type png)
<use ./figures/pres/cc1.png>
Package pdftex.def Info: ./figures/pres/cc1.png  used on input line 356.
(pdftex.def)             Requested size: 312.97603pt x 199.17207pt.
File: ./figures/pres/cc1.png Graphic file (type png)
<use ./figures/pres/cc1.png>
Package pdftex.def Info: ./figures/pres/cc1.png  used on input line 365.
(pdftex.def)             Requested size: 312.97603pt x 199.17207pt.
 [39 <./figures/pres/mm3.png> <./figures/pres/cc1.png>]
<./figures/pres/map.png, id=845, 992.95969pt x 462.22687pt>
File: ./figures/pres/map.png Graphic file (type png)
<use ./figures/pres/map.png>
Package pdftex.def Info: ./figures/pres/map.png  used on input line 376.
(pdftex.def)             Requested size: 426.79768pt x 284.52527pt.

Overfull \hbox (36.79768pt too wide) in paragraph at lines 376--377
 [] 
 []

[40]) (conclusion.tex [41 <./figures/pres/map.png>] [42

] [43]
LaTeX Font Info:    Try loading font information for OT1+lmtt on input line 26.


("C:\Program Files\MiKTeX 2.9\tex/latex/lm\ot1lmtt.fd"
File: ot1lmtt.fd 2009/10/30 v1.6 Font defs for Latin Modern
))
Overfull \hbox (12.23914pt too wide) in paragraph at lines 26--63
[]\OT1/lmr/m/n/12 [1] [][]$\OT1/lmtt/m/n/12 https :// code [] .visualstudio [] 
.com / download$[][] \OT1/lmr/m/n/12 [2] [][]$\OT1/lmtt/m/n/12 https :// nodejs
 [] .org /
 []


Overfull \hbox (7.01729pt too wide) in paragraph at lines 26--63
\OT1/lmtt/m/n/12 en /$[][] \OT1/lmr/m/n/12 [3][][]$\OT1/lmtt/m/n/12 https :// w
ww [] .npmjs [] .com$[][] \OT1/lmr/m/n/12 [4][][]$\OT1/lmtt/m/n/12 http :// www
 [] .wampserver [] .com$[][] \OT1/lmr/m/n/12 [5][][]$\OT1/lmtt/m/n/12 https ://

 []


Overfull \hbox (4.35326pt too wide) in paragraph at lines 26--63
\OT1/lmtt/m/n/12 www [] .phpmyadmin [] .net$[][] \OT1/lmr/m/n/12 [6][][]$\OT1/l
mtt/m/n/12 https :// remotemysql [] .com$[][] \OT1/lmr/m/n/12 [7][][]$\OT1/lmtt
/m/n/12 https :// www [] .heroku []
 []


Overfull \hbox (38.73924pt too wide) in paragraph at lines 26--63
\OT1/lmtt/m/n/12 .com$[][] \OT1/lmr/m/n/12 [8][][]$\OT1/lmtt/m/n/12 https :// g
etbootstrap [] .com / docs / 4 [] .3 / getting [] -started / introduction /$[][
]
 []


Overfull \hbox (16.10323pt too wide) in paragraph at lines 26--63
\OT1/lmtt/m/n/12 vuejs [] .org / v2 / guide /$[][] \OT1/lmr/m/n/12 [12][][]$\OT
1/lmtt/m/n/12 https :// dev [] .mysql [] .com / doc / refman / 5 [] .7 / en /$[
][] \OT1/lmr/m/n/12 [13]
 []

(ra.tex
Underfull \hbox (badness 10000) in paragraph at lines 3--6

 []


Underfull \hbox (badness 10000) in paragraph at lines 25--28

 []

) [44

]
Package atveryend Info: Empty hook `BeforeClearDocument' on input line 66.
 [45]
Package atveryend Info: Empty hook `AfterLastShipout' on input line 66.
 (rapport.aux)
Package atveryend Info: Executing hook `AtVeryEndDocument' on input line 66.
Package atveryend Info: Executing hook `AtEndAfterFileList' on input line 66.
Package rerunfilecheck Info: File `rapport.out' has not changed.
(rerunfilecheck)             Checksum: C79034E73495EBA22B84A375D078ABBB;3842.
 ) 
Here is how much of TeX's memory you used:
 20856 strings out of 492895
 356272 string characters out of 3133461
 523439 words of memory out of 3000000
 24278 multiletter control sequences out of 15000+200000
 572942 words of font info for 63 fonts, out of 3000000 for 9000
 1141 hyphenation exceptions out of 8191
 40i,18n,63p,821b,613s stack positions out of 5000i,500n,10000p,200000b,50000s
{C:/Program Files/MiKTeX 2.9/fonts/enc/dvips/lm/lm-rmtt.enc}{C:/Program Files
/MiKTeX 2.9/fonts/enc/dvips/lm/lm-ts1.enc}{C:/Program Files/MiKTeX 2.9/fonts/en
c/dvips/lm/lm-rmsc.enc}{C:/Program Files/MiKTeX 2.9/fonts/enc/dvips/lm/lm-maths
y.enc}{C:/Program Files/MiKTeX 2.9/fonts/enc/dvips/lm/lm-rm.enc}<C:/Program Fil
es/MiKTeX 2.9/fonts/type1/public/lm/lmbx12.pfb><C:/Program Files/MiKTeX 2.9/fon
ts/type1/public/lm/lmcsc10.pfb><C:/Program Files/MiKTeX 2.9/fonts/type1/public/
lm/lmr12.pfb><C:/Program Files/MiKTeX 2.9/fonts/type1/public/lm/lmsy6.pfb><C:/P
rogram Files/MiKTeX 2.9/fonts/type1/public/lm/lmtt12.pfb>
Output written on rapport.pdf (54 pages, 5351545 bytes).
PDF statistics:
 951 PDF objects out of 1000 (max. 8388607)
 156 named destinations out of 1000 (max. 500000)
 678 words of extra memory for PDF output out of 10000 (max. 10000000)

